<?xml version="1.0" encoding="UTF-8"?>
<!-- Generated by org.testng.reporters.JUnitXMLReporter -->
<testsuite hostname="admins-MacBook-Air-2.local" ignored="12" name="Surefire test" tests="6" failures="1" timestamp="19 Jul 2022 08:38:50 GMT" time="13.105" errors="0">
  <testcase name="userDetails" time="0.001" classname="RealtedTest.PojoTest"/>
  <testcase name="createUser" time="4.253" classname="CT_APITesting.UsersTest"/>
  <testcase name="createRoles" time="1.429" classname="CT_APITesting.RolesTest"/>
  <testcase name="createApiKey" time="1.396" classname="CT_APITesting.BasicTest"/>
  <testcase name="createAuthToken" time="2.996" classname="CT_APITesting.AuthTokenTest"/>
  <testcase name="userDetails1" time="1.852" classname="RealtedTest.PojoTest">
    <failure type="com.fasterxml.jackson.databind.exc.UnrecognizedPropertyException" message="Unrecognized field &amp;quot;error&amp;quot; (class CT_APITesting.CriticalJsonTest), not marked as ignorable (6 known properties: &amp;quot;per_page&amp;quot;, &amp;quot;ad&amp;quot;, &amp;quot;total&amp;quot;, &amp;quot;total_pages&amp;quot;, &amp;quot;data&amp;quot;, &amp;quot;page&amp;quot;])
 at [Source: (String)&amp;quot;{&amp;quot;error&amp;quot;:{&amp;quot;message&amp;quot;:&amp;quot;The API endpoint is invalid. Please verify the API call.&amp;quot;,&amp;quot;devMessage&amp;quot;:&amp;quot;The endpoint of the API is invalid. Please have the API call checked.&amp;quot;,&amp;quot;source&amp;quot;:&amp;quot;chat-api&amp;quot;,&amp;quot;code&amp;quot;:&amp;quot;ERR_API_NOT_FOUND&amp;quot;}}&amp;quot;; line: 1, column: 11] (through reference chain: CT_APITesting.CriticalJsonTest[&amp;quot;error&amp;quot;])">
      <![CDATA[com.fasterxml.jackson.databind.exc.UnrecognizedPropertyException: Unrecognized field "error" (class CT_APITesting.CriticalJsonTest), not marked as ignorable (6 known properties: "per_page", "ad", "total", "total_pages", "data", "page"])
 at [Source: (String)"{"error":{"message":"The API endpoint is invalid. Please verify the API call.","devMessage":"The endpoint of the API is invalid. Please have the API call checked.","source":"chat-api","code":"ERR_API_NOT_FOUND"}}"; line: 1, column: 11] (through reference chain: CT_APITesting.CriticalJsonTest["error"])
at com.fasterxml.jackson.databind.exc.UnrecognizedPropertyException.from(UnrecognizedPropertyException.java:61)
at com.fasterxml.jackson.databind.DeserializationContext.handleUnknownProperty(DeserializationContext.java:855)
at com.fasterxml.jackson.databind.deser.std.StdDeserializer.handleUnknownProperty(StdDeserializer.java:1212)
at com.fasterxml.jackson.databind.deser.BeanDeserializerBase.handleUnknownProperty(BeanDeserializerBase.java:1604)
at com.fasterxml.jackson.databind.deser.BeanDeserializerBase.handleUnknownVanilla(BeanDeserializerBase.java:1582)
at com.fasterxml.jackson.databind.deser.BeanDeserializer.vanillaDeserialize(BeanDeserializer.java:299)
at com.fasterxml.jackson.databind.deser.BeanDeserializer.deserialize(BeanDeserializer.java:156)
at com.fasterxml.jackson.databind.ObjectMapper._readMapAndClose(ObjectMapper.java:4524)
at com.fasterxml.jackson.databind.ObjectMapper.readValue(ObjectMapper.java:3466)
at com.fasterxml.jackson.databind.ObjectMapper$readValue$0.call(Unknown Source)
at org.codehaus.groovy.runtime.callsite.CallSiteArray.defaultCall(CallSiteArray.java:47)
at org.codehaus.groovy.runtime.callsite.AbstractCallSite.call(AbstractCallSite.java:125)
at org.codehaus.groovy.runtime.callsite.AbstractCallSite.call(AbstractCallSite.java:148)
at io.restassured.internal.path.json.mapping.JsonPathJackson2ObjectDeserializer.deserialize(JsonPathJackson2ObjectDeserializer.groovy:46)
at io.restassured.path.json.mapping.JsonPathObjectDeserializer$deserialize.call(Unknown Source)
at org.codehaus.groovy.runtime.callsite.CallSiteArray.defaultCall(CallSiteArray.java:47)
at org.codehaus.groovy.runtime.callsite.AbstractCallSite.call(AbstractCallSite.java:125)
at org.codehaus.groovy.runtime.callsite.AbstractCallSite.call(AbstractCallSite.java:139)
at io.restassured.internal.mapping.Jackson2Mapper.deserialize(Jackson2Mapper.groovy:58)
at io.restassured.mapper.ObjectMapper$deserialize.call(Unknown Source)
at org.codehaus.groovy.runtime.callsite.CallSiteArray.defaultCall(CallSiteArray.java:47)
at org.codehaus.groovy.runtime.callsite.AbstractCallSite.call(AbstractCallSite.java:125)
at org.codehaus.groovy.runtime.callsite.AbstractCallSite.call(AbstractCallSite.java:139)
at io.restassured.internal.mapping.ObjectMapping.parseWithJackson2(ObjectMapping.groovy:238)
at io.restassured.internal.mapping.ObjectMapping$parseWithJackson2$0.callStatic(Unknown Source)
at org.codehaus.groovy.runtime.callsite.CallSiteArray.defaultCallStatic(CallSiteArray.java:55)
at org.codehaus.groovy.runtime.callsite.AbstractCallSite.callStatic(AbstractCallSite.java:217)
at org.codehaus.groovy.runtime.callsite.AbstractCallSite.callStatic(AbstractCallSite.java:240)
at io.restassured.internal.mapping.ObjectMapping.deserialize(ObjectMapping.groovy:59)
at io.restassured.internal.mapping.ObjectMapping$deserialize.call(Unknown Source)
at org.codehaus.groovy.runtime.callsite.CallSiteArray.defaultCall(CallSiteArray.java:47)
at org.codehaus.groovy.runtime.callsite.AbstractCallSite.call(AbstractCallSite.java:125)
at io.restassured.internal.RestAssuredResponseOptionsGroovyImpl.as(RestAssuredResponseOptionsGroovyImpl.groovy:226)
at io.restassured.internal.RestAssuredResponseOptionsImpl.as(RestAssuredResponseOptionsImpl.java:169)
at RealtedTest.PojoTest.userDetails1(PojoTest.java:30)
... Removed 30 stack frames]]>
    </failure>
  </testcase> <!-- userDetails1 -->
  <testcase name="@BeforeSuite beforeSuiteFunction" time="0.0" classname="CT_APITesting.BaseTest">
    <ignored/>
  </testcase> <!-- @BeforeSuite beforeSuiteFunction -->
  <testcase name="@BeforeSuite beforeSuiteFunction" time="0.0" classname="CT_APITesting.BaseTest">
    <ignored/>
  </testcase> <!-- @BeforeSuite beforeSuiteFunction -->
  <testcase name="@BeforeSuite beforeSuiteFunction" time="0.0" classname="CT_APITesting.BaseTest">
    <ignored/>
  </testcase> <!-- @BeforeSuite beforeSuiteFunction -->
  <testcase name="@BeforeSuite beforeSuiteFunction" time="0.0" classname="CT_APITesting.BaseTest">
    <ignored/>
  </testcase> <!-- @BeforeSuite beforeSuiteFunction -->
  <testcase name="@BeforeTest beforeTestFunction" time="0.0" classname="CT_APITesting.BaseTest">
    <ignored/>
  </testcase> <!-- @BeforeTest beforeTestFunction -->
  <testcase name="@BeforeTest beforeTestFunction" time="0.0" classname="CT_APITesting.BaseTest">
    <ignored/>
  </testcase> <!-- @BeforeTest beforeTestFunction -->
  <testcase name="@BeforeTest beforeTestFunction" time="0.0" classname="CT_APITesting.BaseTest">
    <ignored/>
  </testcase> <!-- @BeforeTest beforeTestFunction -->
  <testcase name="@BeforeTest beforeTestFunction" time="0.0" classname="CT_APITesting.BaseTest">
    <ignored/>
  </testcase> <!-- @BeforeTest beforeTestFunction -->
  <testcase name="@AfterSuite zipFolder" time="0.0" classname="CT_APITesting.BaseTest">
    <ignored/>
  </testcase> <!-- @AfterSuite zipFolder -->
  <testcase name="@AfterSuite zipFolder" time="0.0" classname="CT_APITesting.BaseTest">
    <ignored/>
  </testcase> <!-- @AfterSuite zipFolder -->
  <testcase name="@AfterSuite zipFolder" time="0.0" classname="CT_APITesting.BaseTest">
    <ignored/>
  </testcase> <!-- @AfterSuite zipFolder -->
  <testcase name="@AfterSuite zipFolder" time="0.0" classname="CT_APITesting.BaseTest">
    <ignored/>
  </testcase> <!-- @AfterSuite zipFolder -->
</testsuite> <!-- Surefire test -->
